0 info it worked if it ends with ok
1 verbose cli [ 'node', '/usr/local/bin/npm', 'install' ]
2 info using npm@1.4.28
3 info using node@v0.10.33
4 warn package.json XXX@1.0.0 No repository field.
5 warn package.json XXX@1.0.0 No README data
6 verbose readDependencies using package.json deps
7 verbose install where, deps [ '/Users/tbscg/Documents/Frontend-Project',
7 verbose install   [ 'grunt',
7 verbose install     'grunt-contrib-watch',
7 verbose install     'grunt-contrib-compass',
7 verbose install     'grunt-contrib-concat',
7 verbose install     'grunt-contrib-cssmin',
7 verbose install     'grunt-contrib-uglify',
7 verbose install     'grunt-contrib-connect',
7 verbose install     'grunt-contrib-jshint',
7 verbose install     'grunt-sass-lint',
7 verbose install     'grunt-contrib-clean',
7 verbose install     'grunt-contrib-copy',
7 verbose install     'grunt-combine-media-queries',
7 verbose install     'grunt-stripmq',
7 verbose install     'grunt-jinja',
7 verbose install     'connect-livereload',
7 verbose install     'grunt-open',
7 verbose install     'grunt-contrib-imagemin',
7 verbose install     'matchdep' ] ]
8 info preinstall XXX@1.0.0
9 verbose readDependencies using package.json deps
10 verbose already installed skipping grunt@~0.4.5 /Users/tbscg/Documents/Frontend-Project
11 verbose already installed skipping grunt-contrib-watch@>= 0.6.1 /Users/tbscg/Documents/Frontend-Project
12 verbose already installed skipping grunt-contrib-compass@>= 0.12.0 /Users/tbscg/Documents/Frontend-Project
13 verbose already installed skipping grunt-contrib-concat@>= 0.1.3 /Users/tbscg/Documents/Frontend-Project
14 verbose already installed skipping grunt-contrib-cssmin@>= 0.6.1 /Users/tbscg/Documents/Frontend-Project
15 verbose already installed skipping grunt-contrib-uglify@>= 0.2.0 /Users/tbscg/Documents/Frontend-Project
16 verbose already installed skipping grunt-contrib-connect@~0.3.0 /Users/tbscg/Documents/Frontend-Project
17 verbose already installed skipping grunt-contrib-jshint@>= 0.10.0 /Users/tbscg/Documents/Frontend-Project
18 verbose cache add [ 'grunt-sass-lint@>=0.3.8', null ]
19 verbose cache add name=undefined spec="grunt-sass-lint@>=0.3.8" args=["grunt-sass-lint@>=0.3.8",null]
20 verbose parsed url { protocol: null,
20 verbose parsed url   slashes: null,
20 verbose parsed url   auth: null,
20 verbose parsed url   host: null,
20 verbose parsed url   port: null,
20 verbose parsed url   hostname: null,
20 verbose parsed url   hash: null,
20 verbose parsed url   search: null,
20 verbose parsed url   query: null,
20 verbose parsed url   pathname: 'grunt-sass-lint@%3E=0.3.8',
20 verbose parsed url   path: 'grunt-sass-lint@%3E=0.3.8',
20 verbose parsed url   href: 'grunt-sass-lint@%3E=0.3.8' }
21 verbose already installed skipping grunt-contrib-clean@>= 0.5.0 /Users/tbscg/Documents/Frontend-Project
22 verbose already installed skipping grunt-contrib-copy@>= 0.5.0 /Users/tbscg/Documents/Frontend-Project
23 verbose cache add name="grunt-sass-lint" spec=">=0.3.8" args=["grunt-sass-lint",">=0.3.8"]
24 verbose parsed url { protocol: null,
24 verbose parsed url   slashes: null,
24 verbose parsed url   auth: null,
24 verbose parsed url   host: null,
24 verbose parsed url   port: null,
24 verbose parsed url   hostname: null,
24 verbose parsed url   hash: null,
24 verbose parsed url   search: null,
24 verbose parsed url   query: null,
24 verbose parsed url   pathname: '%3E=0.3.8',
24 verbose parsed url   path: '%3E=0.3.8',
24 verbose parsed url   href: '%3E=0.3.8' }
25 verbose addNamed [ 'grunt-sass-lint', '>=0.3.8' ]
26 verbose addNamed [ null, '>=0.3.8' ]
27 verbose already installed skipping grunt-combine-media-queries@>= 1.0.0 /Users/tbscg/Documents/Frontend-Project
28 silly lockFile 14c5403d-grunt-sass-lint-0-3-8 grunt-sass-lint@>=0.3.8
29 verbose lock grunt-sass-lint@>=0.3.8 /Users/tbscg/.npm/14c5403d-grunt-sass-lint-0-3-8.lock
30 verbose already installed skipping grunt-stripmq@>= 0.0.6 /Users/tbscg/Documents/Frontend-Project
31 silly addNameRange { name: 'grunt-sass-lint', range: '>=0.3.8', hasData: false }
32 verbose already installed skipping grunt-jinja@>= 0.3.0 /Users/tbscg/Documents/Frontend-Project
33 verbose already installed skipping connect-livereload@~0.2.0 /Users/tbscg/Documents/Frontend-Project
34 verbose request where is /grunt-sass-lint
35 verbose request registry https://registry.npmjs.org/
36 verbose request id 4d76218552a2ec4c
37 verbose url raw /grunt-sass-lint
38 verbose url resolving [ 'https://registry.npmjs.org/', './grunt-sass-lint' ]
39 verbose url resolved https://registry.npmjs.org/grunt-sass-lint
40 verbose request where is https://registry.npmjs.org/grunt-sass-lint
41 info trying registry request attempt 1 at 12:05:06
42 http GET https://registry.npmjs.org/grunt-sass-lint
43 verbose already installed skipping grunt-open@~0.2.0 /Users/tbscg/Documents/Frontend-Project
44 verbose already installed skipping grunt-contrib-imagemin@>=0.4.0 /Users/tbscg/Documents/Frontend-Project
45 verbose already installed skipping matchdep@~0.1.2 /Users/tbscg/Documents/Frontend-Project
46 http 200 https://registry.npmjs.org/grunt-sass-lint
47 silly registry.get cb [ 200,
47 silly registry.get   { server: 'CouchDB/1.5.0 (Erlang OTP/R16B03)',
47 silly registry.get     etag: '"B9LPPSIENS6DY4EI00C1WHKOJ"',
47 silly registry.get     'content-type': 'application/json',
47 silly registry.get     'cache-control': 'max-age=300',
47 silly registry.get     'content-length': '7699',
47 silly registry.get     'accept-ranges': 'bytes',
47 silly registry.get     date: 'Fri, 11 Mar 2016 11:05:06 GMT',
47 silly registry.get     via: '1.1 varnish',
47 silly registry.get     age: '0',
47 silly registry.get     connection: 'keep-alive',
47 silly registry.get     'x-served-by': 'cache-lhr6325-LHR',
47 silly registry.get     'x-cache': 'HIT',
47 silly registry.get     'x-cache-hits': '1',
47 silly registry.get     'x-timer': 'S1457694306.652421,VS0,VE152',
47 silly registry.get     vary: 'Accept' } ]
48 silly addNameRange number 2 { name: 'grunt-sass-lint', range: '>=0.3.8', hasData: true }
49 silly addNameRange versions [ 'grunt-sass-lint',
49 silly addNameRange   [ '0.1.0-beta.1',
49 silly addNameRange     '0.1.0-beta.2',
49 silly addNameRange     '0.1.0-beta.3',
49 silly addNameRange     '0.1.0-beta.4',
49 silly addNameRange     '0.1.0' ] ]
50 silly lockFile 14c5403d-grunt-sass-lint-0-3-8 grunt-sass-lint@>=0.3.8
51 silly lockFile 14c5403d-grunt-sass-lint-0-3-8 grunt-sass-lint@>=0.3.8
52 error notarget No compatible version found: grunt-sass-lint@'>=0.3.8'
52 error notarget Valid install targets:
52 error notarget ["0.1.0-beta.1","0.1.0-beta.2","0.1.0-beta.3","0.1.0-beta.4","0.1.0"]
52 error notarget
52 error notarget This is most likely not a problem with npm itself.
52 error notarget In most cases you or one of your dependencies are requesting
52 error notarget a package version that doesn't exist.
53 error System Darwin 14.5.0
54 error command "node" "/usr/local/bin/npm" "install"
55 error cwd /Users/tbscg/Documents/Frontend-Project
56 error node -v v0.10.33
57 error npm -v 1.4.28
58 error code ETARGET
59 verbose exit [ 1, true ]
